Fri 21 Apr 2023 07:27:07 PM UTC: 
 treemap.c | 9 +++++++--
 1 file changed, 7 insertions(+), 2 deletions(-)
In file included from test.c:4:
treemap.c: In function ‘createTreeMap’:
treemap.c:41:32: error: expected expression before ‘)’ token
   41 |   TreeMap *treeMap = (treeMap *) malloc(sizeof(treemap));
      |                                ^
Compilation failed
a902631
Fri 21 Apr 2023 07:28:09 PM UTC: 
 treemap.c | 2 +-
 1 file changed, 1 insertion(+), 1 deletion(-)
In file included from test.c:4:
treemap.c: In function ‘createTreeMap’:
treemap.c:41:33: error: expected expression before ‘)’ token
   41 |   TreeMap *treeMap = ((treeMap *) malloc(sizeof(treemap)));
      |                                 ^
Compilation failed
d3e7405
Fri 21 Apr 2023 07:28:30 PM UTC: 
 treemap.c | 2 +-
 1 file changed, 1 insertion(+), 1 deletion(-)
In file included from test.c:4:
treemap.c: In function ‘createTreeMap’:
treemap.c:41:47: error: ‘treemap’ undeclared (first use in this function); did you mean ‘treeMap’?
   41 |   TreeMap *treeMap = (treeMap * malloc(sizeof(treemap));
      |                                               ^~~~~~~
      |                                               treeMap
treemap.c:41:47: note: each undeclared identifier is reported only once for each function it appears in
treemap.c:41:56: error: expected ‘)’ before ‘;’ token
   41 |   TreeMap *treeMap = (treeMap * malloc(sizeof(treemap));
      |                      ~                                 ^
      |                                                        )
treemap.c:48:1: error: expected ‘,’ or ‘;’ before ‘}’ token
   48 | }
      | ^
test.c:503:5: error: ‘main’ is normally a non-static function [-Werror=main]
  503 | int main( int argc, char *argv[] ) {
      |     ^~~~
test.c:606:1: error: expected declaration or statement at end of input
  606 | }
      | ^
test.c:607: error: control reaches end of non-void function [-Werror=return-type]
At top level:
test.c:503:5: error: ‘main’ defined but not used [-Werror=unused-function]
  503 | int main( int argc, char *argv[] ) {
      |     ^~~~
cc1: all warnings being treated as errors
Compilation failed
ef4902f
Fri 21 Apr 2023 07:28:55 PM UTC: 
 treemap.c | 2 +-
 1 file changed, 1 insertion(+), 1 deletion(-)
In file included from test.c:4:
treemap.c: In function ‘createTreeMap’:
treemap.c:41:32: error: expected expression before ‘)’ token
   41 |   TreeMap *treeMap = (treeMap *) malloc(sizeof(treemap));
      |                                ^
Compilation failed
7668cb2
Fri 21 Apr 2023 07:29:37 PM UTC: 
 treemap.c | 2 +-
 1 file changed, 1 insertion(+), 1 deletion(-)
 tests:  1|8
total_score: 0/70
b82b9cc
Fri 21 Apr 2023 07:30:08 PM UTC: 
 treemap.c | 2 +-
 1 file changed, 1 insertion(+), 1 deletion(-)
In file included from test.c:4:
treemap.c: In function ‘createTreeMap’:
treemap.c:43:11: error: array subscript ‘TreeMap[0]’ is partly outside array bounds of ‘unsigned char[8]’ [-Werror=array-bounds]
   43 |   treeMap -> root = NULL;
      |           ^~
treemap.c:41:34: note: referencing an object of size 8 allocated by ‘malloc’
   41 |   TreeMap *treeMap = (TreeMap *) malloc(sizeof(treeMap));
      |                                  ^~~~~~~~~~~~~~~~~~~~~~~
treemap.c:44:11: error: array subscript ‘TreeMap[0]’ is partly outside array bounds of ‘unsigned char[8]’ [-Werror=array-bounds]
   44 |   treeMap -> current = NULL;
      |           ^~
treemap.c:41:34: note: referencing an object of size 8 allocated by ‘malloc’
   41 |   TreeMap *treeMap = (TreeMap *) malloc(sizeof(treeMap));
      |                                  ^~~~~~~~~~~~~~~~~~~~~~~
treemap.c:45:11: error: array subscript ‘TreeMap[0]’ is partly outside array bounds of ‘unsigned char[8]’ [-Werror=array-bounds]
   45 |   treeMap -> lower_than = lower_than;
      |           ^~
treemap.c:41:34: note: referencing an object of size 8 allocated by ‘malloc’
   41 |   TreeMap *treeMap = (TreeMap *) malloc(sizeof(treeMap));
      |                                  ^~~~~~~~~~~~~~~~~~~~~~~
cc1: all warnings being treated as errors
Compilation failed
f99cf0e
Fri 21 Apr 2023 07:31:20 PM UTC: 
 treemap.c | 2 +-
 1 file changed, 1 insertion(+), 1 deletion(-)
In file included from test.c:4:
treemap.c: In function ‘createTreeMap’:
treemap.c:43:11: error: array subscript ‘TreeMap[0]’ is partly outside array bounds of ‘unsigned char[8]’ [-Werror=array-bounds]
   43 |   treeMap -> root = NULL;
      |           ^~
treemap.c:41:34: note: referencing an object of size 8 allocated by ‘malloc’
   41 |   TreeMap *treeMap = (TreeMap *) malloc(sizeof(treeMap));
      |                                  ^~~~~~~~~~~~~~~~~~~~~~~
treemap.c:44:11: error: array subscript ‘TreeMap[0]’ is partly outside array bounds of ‘unsigned char[8]’ [-Werror=array-bounds]
   44 |   treeMap -> current = NULL;
      |           ^~
treemap.c:41:34: note: referencing an object of size 8 allocated by ‘malloc’
   41 |   TreeMap *treeMap = (TreeMap *) malloc(sizeof(treeMap));
      |                                  ^~~~~~~~~~~~~~~~~~~~~~~
treemap.c:45:11: error: array subscript ‘TreeMap[0]’ is partly outside array bounds of ‘unsigned char[8]’ [-Werror=array-bounds]
   45 |   treeMap -> lower_than = lower_than;
      |           ^~
treemap.c:41:34: note: referencing an object of size 8 allocated by ‘malloc’
   41 |   TreeMap *treeMap = (TreeMap *) malloc(sizeof(treeMap));
      |                                  ^~~~~~~~~~~~~~~~~~~~~~~
cc1: all warnings being treated as errors
Compilation failed
fcc04fd
Fri 21 Apr 2023 07:31:55 PM UTC: 
 treemap.c | 2 +-
 1 file changed, 1 insertion(+), 1 deletion(-)
In file included from test.c:4:
treemap.c: In function ‘createTreeMap’:
treemap.c:43:11: error: array subscript ‘TreeMap[0]’ is partly outside array bounds of ‘unsigned char[8]’ [-Werror=array-bounds]
   43 |   treeMap -> root = NULL;
      |           ^~
treemap.c:41:34: note: referencing an object of size 8 allocated by ‘malloc’
   41 |   TreeMap *treeMap = (TreeMap *) malloc(sizeof(treeMap));
      |                                  ^~~~~~~~~~~~~~~~~~~~~~~
treemap.c:45:11: error: array subscript ‘TreeMap[0]’ is partly outside array bounds of ‘unsigned char[8]’ [-Werror=array-bounds]
   45 |   treeMap -> lower_than = lower_than;
      |           ^~
treemap.c:41:34: note: referencing an object of size 8 allocated by ‘malloc’
   41 |   TreeMap *treeMap = (TreeMap *) malloc(sizeof(treeMap));
      |                                  ^~~~~~~~~~~~~~~~~~~~~~~
cc1: all warnings being treated as errors
Compilation failed
b33e361
Fri 21 Apr 2023 07:33:37 PM UTC: 
 treemap.c | 3 +--
 1 file changed, 1 insertion(+), 2 deletions(-)
In file included from test.c:4:
treemap.c: In function ‘createTreeMap’:
treemap.c:43:11: error: array subscript ‘TreeMap[0]’ is partly outside array bounds of ‘unsigned char[8]’ [-Werror=array-bounds]
   43 |   treeMap -> root = NULL;
      |           ^~
treemap.c:41:34: note: referencing an object of size 8 allocated by ‘malloc’
   41 |   TreeMap* treeMap = (TreeMap *) malloc(sizeof(treeMap));
      |                                  ^~~~~~~~~~~~~~~~~~~~~~~
treemap.c:44:11: error: array subscript ‘TreeMap[0]’ is partly outside array bounds of ‘unsigned char[8]’ [-Werror=array-bounds]
   44 |   treeMap -> lower_than = lower_than;
      |           ^~
treemap.c:41:34: note: referencing an object of size 8 allocated by ‘malloc’
   41 |   TreeMap* treeMap = (TreeMap *) malloc(sizeof(treeMap));
      |                                  ^~~~~~~~~~~~~~~~~~~~~~~
cc1: all warnings being treated as errors
Compilation failed
d19b43a
Fri 21 Apr 2023 07:39:41 PM UTC: 
 treemap.c | 5 +++--
 1 file changed, 3 insertions(+), 2 deletions(-)
 tests:  4|7
total_score: 5/70
47f217b
Sat 22 Apr 2023 03:35:06 AM UTC: 
 treemap.c | 27 +++++++++++++++++++++++++++
 1 file changed, 27 insertions(+)
 tests:  6|6
total_score: 15/70
db97d36
Sat 22 Apr 2023 03:38:05 AM UTC: 
 treemap.c | 11 +++++++++--
 1 file changed, 9 insertions(+), 2 deletions(-)
 tests:  8|5
total_score: 15/70
26cebcf
Sat 22 Apr 2023 03:45:05 AM UTC: 
 treemap.c | 31 +++++++++++++++++++++++++++----
 1 file changed, 27 insertions(+), 4 deletions(-)
In file included from test.c:4:
treemap.c: In function ‘nextTreeMap’:
treemap.c:148:1: error: control reaches end of non-void function [-Werror=return-type]
  148 | }
      | ^
cc1: all warnings being treated as errors
Compilation failed
86c9de1
Sat 22 Apr 2023 03:46:18 AM UTC: 
 treemap.c | 1 +
 1 file changed, 1 insertion(+)
 tests:  13|4
total_score: 30/70
69d0090
Sat 22 Apr 2023 03:51:08 AM UTC: 
 treemap.c | 12 ------------
 1 file changed, 12 deletions(-)
 tests:  10|5
total_score: 20/70
3b50a1b
Sat 22 Apr 2023 03:51:37 AM UTC: 
 treemap.c | 12 ++++++++++++
 1 file changed, 12 insertions(+)
 tests:  13|4
total_score: 30/70
70c71dc
Sun 23 Apr 2023 03:02:22 AM UTC: 
 treemap.c | 7 ++++++-
 1 file changed, 6 insertions(+), 1 deletion(-)
In file included from test.c:4:
treemap.c: In function ‘firstTreeMap’:
treemap.c:122:29: error: expected ‘;’ before ‘tree’
  122 |   current = minimum(current)
      |                             ^
      |                             ;
  123 |   tree->current = current;
      |   ~~~~                       
Compilation failed
9d45d43
Sun 23 Apr 2023 03:02:27 AM UTC: 
 treemap.c | 2 +-
 1 file changed, 1 insertion(+), 1 deletion(-)
 tests:  15|3
total_score: 35/70
60d911f
Sun 23 Apr 2023 03:08:50 AM UTC: 
 treemap.c | 17 +++++++++++++++--
 1 file changed, 15 insertions(+), 2 deletions(-)
In file included from test.c:4:
treemap.c: In function ‘searchTreeMap’:
treemap.c:125:1: error: control reaches end of non-void function [-Werror=return-type]
  125 | }
      | ^
cc1: all warnings being treated as errors
Compilation failed
718e400
Sun 23 Apr 2023 03:22:27 AM UTC: 
 treemap.c | 16 ++++++++--------
 1 file changed, 8 insertions(+), 8 deletions(-)
 tests:  22|2
total_score: 45/70
4a224b3
Sun 23 Apr 2023 03:41:30 AM UTC: 
 treemap.c | 53 +++++++++++++++++++++++++++++++++++++++++++++++++++--
 1 file changed, 51 insertions(+), 2 deletions(-)
In file included from test.c:4:
treemap.c: In function ‘upperBound’:
treemap.c:178:1: error: control reaches end of non-void function [-Werror=return-type]
  178 | }
      | ^
cc1: all warnings being treated as errors
Compilation failed
f4b1a3d
Sun 23 Apr 2023 03:44:29 AM UTC: 
 treemap.c | 17 +++++++----------
 1 file changed, 7 insertions(+), 10 deletions(-)
In file included from test.c:4:
treemap.c: In function ‘removeNode’:
treemap.c:139:47: error: expected ‘;’ before ‘}’ token
  139 |     node->pair->value = minorNode->pair->value
      |                                               ^
      |                                               ;
  140 |   }
      |   ~                                            
treemap.c: In function ‘upperBound’:
treemap.c:175:1: error: control reaches end of non-void function [-Werror=return-type]
  175 | }
      | ^
cc1: all warnings being treated as errors
Compilation failed
d1479aa
Sun 23 Apr 2023 03:44:36 AM UTC: 
 treemap.c | 2 +-
 1 file changed, 1 insertion(+), 1 deletion(-)
In file included from test.c:4:
treemap.c: In function ‘upperBound’:
treemap.c:175:1: error: control reaches end of non-void function [-Werror=return-type]
  175 | }
      | ^
cc1: all warnings being treated as errors
Compilation failed
a01d152
Sun 23 Apr 2023 03:46:04 AM UTC: 
 treemap.c | 13 ++++++++++++-
 1 file changed, 12 insertions(+), 1 deletion(-)
In file included from test.c:4:
treemap.c: In function ‘upperBound’:
treemap.c:186:1: error: control reaches end of non-void function [-Werror=return-type]
  186 | }
      | ^
cc1: all warnings being treated as errors
Compilation failed
f749c93
